<?xml version="1.0" encoding="UTF-8"?>
<coverage generated="1716298225035" clover="3.2.0">
  <project timestamp="1716298225035" name="All files">
    <metrics statements="281" coveredstatements="235" conditionals="137" coveredconditionals="90" methods="64" coveredmethods="55" elements="482" coveredelements="380" complexity="0" loc="281" ncloc="281" packages="1" files="4" classes="4"/>
    <file name="Game.js" path="/Users/celinejunker/red-tetris/back/Game.js">
      <metrics statements="253" coveredstatements="207" conditionals="132" coveredconditionals="85" methods="55" coveredmethods="46"/>
      <line num="1" count="1" type="stmt"/>
      <line num="2" count="1" type="stmt"/>
      <line num="9" count="30" type="stmt"/>
      <line num="10" count="30" type="stmt"/>
      <line num="11" count="30" type="stmt"/>
      <line num="12" count="30" type="stmt"/>
      <line num="13" count="30" type="stmt"/>
      <line num="14" count="30" type="stmt"/>
      <line num="15" count="30" type="stmt"/>
      <line num="16" count="30" type="stmt"/>
      <line num="17" count="30" type="stmt"/>
      <line num="18" count="30" type="stmt"/>
      <line num="26" count="5" type="stmt"/>
      <line num="36" count="5" type="stmt"/>
      <line num="37" count="289" type="stmt"/>
      <line num="38" count="289" type="cond" truecount="2" falsecount="0"/>
      <line num="39" count="2003" type="stmt"/>
      <line num="40" count="2003" type="stmt"/>
      <line num="41" count="2003" type="stmt"/>
      <line num="44" count="5" type="stmt"/>
      <line num="54" count="0" type="stmt"/>
      <line num="55" count="0" type="stmt"/>
      <line num="56" count="0" type="cond" truecount="0" falsecount="2"/>
      <line num="58" count="0" type="stmt"/>
      <line num="59" count="0" type="stmt"/>
      <line num="60" count="0" type="cond" truecount="0" falsecount="2"/>
      <line num="61" count="0" type="stmt"/>
      <line num="62" count="0" type="stmt"/>
      <line num="63" count="0" type="cond" truecount="0" falsecount="6"/>
      <line num="64" count="0" type="stmt"/>
      <line num="70" count="0" type="stmt"/>
      <line num="71" count="0" type="stmt"/>
      <line num="73" count="0" type="cond" truecount="0" falsecount="2"/>
      <line num="74" count="0" type="stmt"/>
      <line num="77" count="0" type="stmt"/>
      <line num="78" count="0" type="stmt"/>
      <line num="79" count="0" type="cond" truecount="0" falsecount="2"/>
      <line num="80" count="0" type="stmt"/>
      <line num="81" count="0" type="stmt"/>
      <line num="82" count="0" type="cond" truecount="0" falsecount="6"/>
      <line num="83" count="0" type="stmt"/>
      <line num="89" count="0" type="stmt"/>
      <line num="99" count="2" type="stmt"/>
      <line num="100" count="2" type="stmt"/>
      <line num="101" count="4" type="stmt"/>
      <line num="103" count="2" type="stmt"/>
      <line num="104" count="4" type="stmt"/>
      <line num="105" count="8" type="cond" truecount="2" falsecount="0"/>
      <line num="106" count="4" type="stmt"/>
      <line num="108" count="4" type="stmt"/>
      <line num="113" count="2" type="stmt"/>
      <line num="121" count="14" type="stmt"/>
      <line num="122" count="2800" type="stmt"/>
      <line num="130" count="1" type="stmt"/>
      <line num="131" count="1" type="stmt"/>
      <line num="132" count="1" type="stmt"/>
      <line num="133" count="1" type="cond" truecount="1" falsecount="1"/>
      <line num="134" count="1" type="stmt"/>
      <line num="135" count="200" type="stmt"/>
      <line num="139" count="1" type="stmt"/>
      <line num="149" count="8" type="stmt"/>
      <line num="150" count="16" type="stmt"/>
      <line num="151" count="32" type="cond" truecount="2" falsecount="0"/>
      <line num="152" count="28" type="stmt"/>
      <line num="153" count="28" type="stmt"/>
      <line num="154" count="28" type="cond" truecount="5" falsecount="1"/>
      <line num="155" count="28" type="stmt"/>
      <line num="161" count="8" type="stmt"/>
      <line num="162" count="16" type="stmt"/>
      <line num="163" count="32" type="cond" truecount="2" falsecount="0"/>
      <line num="164" count="28" type="stmt"/>
      <line num="165" count="28" type="stmt"/>
      <line num="166" count="28" type="cond" truecount="5" falsecount="1"/>
      <line num="167" count="28" type="stmt"/>
      <line num="173" count="8" type="stmt"/>
      <line num="182" count="1" type="stmt"/>
      <line num="192" count="1" type="stmt"/>
      <line num="193" count="1" type="cond" truecount="2" falsecount="2"/>
      <line num="194" count="1" type="stmt"/>
      <line num="195" count="1" type="stmt"/>
      <line num="197" count="1" type="stmt"/>
      <line num="198" count="1" type="stmt"/>
      <line num="206" count="1" type="stmt"/>
      <line num="217" count="1" type="stmt"/>
      <line num="219" count="1" type="stmt"/>
      <line num="220" count="1" type="stmt"/>
      <line num="221" count="1" type="stmt"/>
      <line num="222" count="1" type="stmt"/>
      <line num="223" count="1" type="stmt"/>
      <line num="233" count="2" type="cond" truecount="1" falsecount="1"/>
      <line num="234" count="0" type="stmt"/>
      <line num="236" count="2" type="stmt"/>
      <line num="237" count="0" type="stmt"/>
      <line num="247" count="1" type="cond" truecount="1" falsecount="1"/>
      <line num="248" count="0" type="stmt"/>
      <line num="250" count="1" type="stmt"/>
      <line num="251" count="1" type="stmt"/>
      <line num="252" count="1" type="stmt"/>
      <line num="254" count="1" type="cond" truecount="1" falsecount="1"/>
      <line num="255" count="1" type="stmt"/>
      <line num="256" count="1" type="stmt"/>
      <line num="258" count="0" type="stmt"/>
      <line num="259" count="0" type="stmt"/>
      <line num="261" count="0" type="stmt"/>
      <line num="262" count="0" type="cond" truecount="0" falsecount="2"/>
      <line num="263" count="0" type="stmt"/>
      <line num="264" count="0" type="stmt"/>
      <line num="265" count="0" type="stmt"/>
      <line num="266" count="0" type="stmt"/>
      <line num="268" count="0" type="stmt"/>
      <line num="269" count="0" type="stmt"/>
      <line num="270" count="0" type="stmt"/>
      <line num="284" count="51" type="stmt"/>
      <line num="285" count="51" type="stmt"/>
      <line num="286" count="51" type="stmt"/>
      <line num="288" count="51" type="cond" truecount="2" falsecount="0"/>
      <line num="289" count="46" type="stmt"/>
      <line num="290" count="46" type="stmt"/>
      <line num="291" count="92" type="stmt"/>
      <line num="292" count="184" type="cond" truecount="2" falsecount="0"/>
      <line num="293" count="178" type="stmt"/>
      <line num="298" count="46" type="stmt"/>
      <line num="299" count="87" type="cond" truecount="1" falsecount="1"/>
      <line num="300" count="87" type="stmt"/>
      <line num="301" count="87" type="stmt"/>
      <line num="302" count="87" type="stmt"/>
      <line num="304" count="87" type="cond" truecount="9" falsecount="0"/>
      <line num="305" count="5" type="stmt"/>
      <line num="309" count="5" type="cond" truecount="2" falsecount="0"/>
      <line num="310" count="2" type="stmt"/>
      <line num="311" count="2" type="stmt"/>
      <line num="312" count="4" type="stmt"/>
      <line num="313" count="5" type="cond" truecount="2" falsecount="0"/>
      <line num="314" count="4" type="stmt"/>
      <line num="315" count="4" type="stmt"/>
      <line num="320" count="2" type="stmt"/>
      <line num="321" count="4" type="cond" truecount="1" falsecount="1"/>
      <line num="322" count="4" type="stmt"/>
      <line num="323" count="4" type="stmt"/>
      <line num="324" count="4" type="stmt"/>
      <line num="325" count="4" type="cond" truecount="8" falsecount="1"/>
      <line num="326" count="0" type="stmt"/>
      <line num="330" count="3" type="cond" truecount="1" falsecount="1"/>
      <line num="331" count="3" type="stmt"/>
      <line num="332" count="3" type="stmt"/>
      <line num="333" count="6" type="stmt"/>
      <line num="334" count="9" type="cond" truecount="2" falsecount="0"/>
      <line num="335" count="6" type="stmt"/>
      <line num="336" count="6" type="stmt"/>
      <line num="341" count="3" type="stmt"/>
      <line num="342" count="5" type="cond" truecount="1" falsecount="1"/>
      <line num="343" count="5" type="stmt"/>
      <line num="344" count="5" type="stmt"/>
      <line num="345" count="5" type="stmt"/>
      <line num="346" count="5" type="cond" truecount="8" falsecount="0"/>
      <line num="347" count="1" type="stmt"/>
      <line num="353" count="45" type="stmt"/>
      <line num="362" count="3" type="stmt"/>
      <line num="363" count="3" type="stmt"/>
      <line num="364" count="3" type="stmt"/>
      <line num="365" count="77" type="cond" truecount="2" falsecount="0"/>
      <line num="366" count="1" type="stmt"/>
      <line num="367" count="1" type="stmt"/>
      <line num="368" count="1" type="stmt"/>
      <line num="371" count="3" type="stmt"/>
      <line num="372" count="3" type="stmt"/>
      <line num="373" count="3" type="cond" truecount="1" falsecount="1"/>
      <line num="374" count="0" type="stmt"/>
      <line num="375" count="0" type="stmt"/>
      <line num="376" count="3" type="cond" truecount="2" falsecount="0"/>
      <line num="377" count="1" type="stmt"/>
      <line num="387" count="1" type="stmt"/>
      <line num="388" count="1" type="cond" truecount="1" falsecount="1"/>
      <line num="390" count="1" type="stmt"/>
      <line num="391" count="1" type="stmt"/>
      <line num="393" count="1" type="cond" truecount="1" falsecount="1"/>
      <line num="394" count="1" type="stmt"/>
      <line num="395" count="1" type="stmt"/>
      <line num="396" count="1" type="stmt"/>
      <line num="402" count="2" type="stmt"/>
      <line num="404" count="2" type="stmt"/>
      <line num="405" count="20" type="stmt"/>
      <line num="407" count="20" type="stmt"/>
      <line num="408" count="400" type="cond" truecount="4" falsecount="0"/>
      <line num="409" count="4" type="stmt"/>
      <line num="411" count="400" type="cond" truecount="2" falsecount="0"/>
      <line num="412" count="8" type="stmt"/>
      <line num="416" count="2" type="stmt"/>
      <line num="417" count="2" type="stmt"/>
      <line num="421" count="2" type="stmt"/>
      <line num="433" count="1" type="stmt"/>
      <line num="434" count="1" type="cond" truecount="1" falsecount="1"/>
      <line num="436" count="1" type="stmt"/>
      <line num="437" count="1" type="stmt"/>
      <line num="439" count="1" type="cond" truecount="1" falsecount="1"/>
      <line num="440" count="1" type="stmt"/>
      <line num="441" count="1" type="stmt"/>
      <line num="442" count="1" type="stmt"/>
      <line num="452" count="1" type="stmt"/>
      <line num="453" count="1" type="cond" truecount="1" falsecount="1"/>
      <line num="454" count="1" type="stmt"/>
      <line num="455" count="1" type="stmt"/>
      <line num="456" count="1" type="stmt"/>
      <line num="457" count="0" type="stmt"/>
      <line num="468" count="1" type="stmt"/>
      <line num="469" count="1" type="cond" truecount="1" falsecount="1"/>
      <line num="470" count="1" type="stmt"/>
      <line num="471" count="1" type="stmt"/>
      <line num="472" count="1" type="stmt"/>
      <line num="473" count="0" type="stmt"/>
      <line num="484" count="2" type="stmt"/>
      <line num="485" count="2" type="stmt"/>
      <line num="486" count="2" type="stmt"/>
      <line num="487" count="2" type="stmt"/>
      <line num="488" count="2" type="stmt"/>
      <line num="490" count="2" type="stmt"/>
      <line num="491" count="36" type="stmt"/>
      <line num="494" count="2" type="stmt"/>
      <line num="495" count="2" type="stmt"/>
      <line num="496" count="2" type="stmt"/>
      <line num="497" count="2" type="stmt"/>
      <line num="499" count="2" type="stmt"/>
      <line num="500" count="2" type="cond" truecount="1" falsecount="1"/>
      <line num="501" count="0" type="stmt"/>
      <line num="502" count="0" type="stmt"/>
      <line num="503" count="0" type="stmt"/>
      <line num="504" count="0" type="stmt"/>
      <line num="506" count="2" type="stmt"/>
      <line num="507" count="2" type="stmt"/>
      <line num="508" count="2" type="stmt"/>
      <line num="509" count="2" type="stmt"/>
      <line num="518" count="1" type="stmt"/>
      <line num="519" count="1" type="stmt"/>
      <line num="520" count="1" type="stmt"/>
      <line num="521" count="1" type="cond" truecount="1" falsecount="1"/>
      <line num="522" count="1" type="stmt"/>
      <line num="532" count="8" type="stmt"/>
      <line num="533" count="8" type="stmt"/>
      <line num="542" count="6" type="cond" truecount="1" falsecount="1"/>
      <line num="543" count="0" type="stmt"/>
      <line num="545" count="6" type="stmt"/>
      <line num="546" count="6" type="stmt"/>
      <line num="554" count="1" type="stmt"/>
      <line num="556" count="1" type="stmt"/>
      <line num="572" count="1" type="stmt"/>
      <line num="573" count="1" type="stmt"/>
      <line num="576" count="1" type="stmt"/>
      <line num="579" count="1" type="stmt"/>
      <line num="580" count="1" type="stmt"/>
      <line num="581" count="1" type="stmt"/>
      <line num="582" count="1" type="stmt"/>
      <line num="584" count="1" type="stmt"/>
      <line num="588" count="1" type="stmt"/>
    </file>
    <file name="Piece.js" path="/Users/celinejunker/red-tetris/back/Piece.js">
      <metrics statements="9" coveredstatements="9" conditionals="5" coveredconditionals="5" methods="4" coveredmethods="4"/>
      <line num="3" count="11" type="stmt"/>
      <line num="4" count="5" type="stmt"/>
      <line num="5" count="5" type="stmt"/>
      <line num="9" count="1" type="stmt"/>
      <line num="14" count="11" type="cond" truecount="5" falsecount="0"/>
      <line num="15" count="6" type="stmt"/>
      <line num="17" count="5" type="stmt"/>
      <line num="22" count="1" type="stmt"/>
      <line num="27" count="1" type="stmt"/>
    </file>
    <file name="Pieces.js" path="/Users/celinejunker/red-tetris/back/Pieces.js">
      <metrics statements="9" coveredstatements="9" conditionals="0" coveredconditionals="0" methods="4" coveredmethods="4"/>
      <line num="1" count="1" type="stmt"/>
      <line num="16" count="1" type="stmt"/>
      <line num="18" count="6" type="stmt"/>
      <line num="19" count="1" type="stmt"/>
      <line num="26" count="1" type="stmt"/>
      <line num="27" count="2" type="stmt"/>
      <line num="28" count="2" type="stmt"/>
      <line num="29" count="2" type="stmt"/>
      <line num="36" count="1" type="stmt"/>
    </file>
    <file name="Player.js" path="/Users/celinejunker/red-tetris/back/Player.js">
      <metrics statements="10" coveredstatements="10" conditionals="0" coveredconditionals="0" methods="1" coveredmethods="1"/>
      <line num="3" count="1" type="stmt"/>
      <line num="4" count="1" type="stmt"/>
      <line num="5" count="1" type="stmt"/>
      <line num="6" count="1" type="stmt"/>
      <line num="7" count="1" type="stmt"/>
      <line num="8" count="1" type="stmt"/>
      <line num="9" count="1" type="stmt"/>
      <line num="10" count="1" type="stmt"/>
      <line num="11" count="1" type="stmt"/>
      <line num="14" count="1" type="stmt"/>
    </file>
  </project>
</coverage>
