{"/Users/celinejunker/red-tetris/back/Game.js": {"path":"/Users/celinejunker/red-tetris/back/Game.js","statementMap":{"0":{"start":{"line":1,"column":15},"end":{"line":1,"column":34}},"1":{"start":{"line":2,"column":14},"end":{"line":2,"column":32}},"2":{"start":{"line":9,"column":8},"end":{"line":9,"column":33}},"3":{"start":{"line":10,"column":8},"end":{"line":10,"column":26}},"4":{"start":{"line":11,"column":8},"end":{"line":11,"column":26}},"5":{"start":{"line":12,"column":8},"end":{"line":12,"column":29}},"6":{"start":{"line":13,"column":8},"end":{"line":13,"column":32}},"7":{"start":{"line":14,"column":8},"end":{"line":14,"column":31}},"8":{"start":{"line":15,"column":8},"end":{"line":15,"column":23}},"9":{"start":{"line":16,"column":8},"end":{"line":16,"column":23}},"10":{"start":{"line":17,"column":8},"end":{"line":17,"column":39}},"11":{"start":{"line":18,"column":8},"end":{"line":18,"column":33}},"12":{"start":{"line":26,"column":26},"end":{"line":34,"column":9}},"13":{"start":{"line":36,"column":8},"end":{"line":43,"column":9}},"14":{"start":{"line":37,"column":22},"end":{"line":37,"column":39}},"15":{"start":{"line":38,"column":12},"end":{"line":42,"column":13}},"16":{"start":{"line":39,"column":36},"end":{"line":39,"column":74}},"17":{"start":{"line":40,"column":33},"end":{"line":40,"column":62}},"18":{"start":{"line":41,"column":16},"end":{"line":41,"column":73}},"19":{"start":{"line":44,"column":8},"end":{"line":44,"column":63}},"20":{"start":{"line":54,"column":21},"end":{"line":54,"column":45}},"21":{"start":{"line":55,"column":29},"end":{"line":55,"column":61}},"22":{"start":{"line":56,"column":8},"end":{"line":56,"column":34}},"23":{"start":{"line":56,"column":27},"end":{"line":56,"column":34}},"24":{"start":{"line":58,"column":8},"end":{"line":68,"column":11}},"25":{"start":{"line":59,"column":12},"end":{"line":67,"column":15}},"26":{"start":{"line":60,"column":16},"end":{"line":66,"column":17}},"27":{"start":{"line":61,"column":30},"end":{"line":61,"column":58}},"28":{"start":{"line":62,"column":30},"end":{"line":62,"column":58}},"29":{"start":{"line":63,"column":20},"end":{"line":65,"column":21}},"30":{"start":{"line":64,"column":24},"end":{"line":64,"column":77}},"31":{"start":{"line":70,"column":25},"end":{"line":70,"column":73}},"32":{"start":{"line":71,"column":25},"end":{"line":71,"column":94}},"33":{"start":{"line":73,"column":8},"end":{"line":75,"column":9}},"34":{"start":{"line":74,"column":12},"end":{"line":74,"column":42}},"35":{"start":{"line":77,"column":8},"end":{"line":87,"column":11}},"36":{"start":{"line":78,"column":12},"end":{"line":86,"column":15}},"37":{"start":{"line":79,"column":16},"end":{"line":85,"column":17}},"38":{"start":{"line":80,"column":30},"end":{"line":80,"column":58}},"39":{"start":{"line":81,"column":30},"end":{"line":81,"column":58}},"40":{"start":{"line":82,"column":20},"end":{"line":84,"column":21}},"41":{"start":{"line":83,"column":24},"end":{"line":83,"column":81}},"42":{"start":{"line":89,"column":8},"end":{"line":89,"column":47}},"43":{"start":{"line":99,"column":21},"end":{"line":99,"column":34}},"44":{"start":{"line":100,"column":21},"end":{"line":100,"column":37}},"45":{"start":{"line":101,"column":28},"end":{"line":101,"column":75}},"46":{"start":{"line":101,"column":63},"end":{"line":101,"column":74}},"47":{"start":{"line":103,"column":8},"end":{"line":111,"column":9}},"48":{"start":{"line":103,"column":23},"end":{"line":103,"column":24}},"49":{"start":{"line":104,"column":12},"end":{"line":110,"column":13}},"50":{"start":{"line":104,"column":27},"end":{"line":104,"column":28}},"51":{"start":{"line":105,"column":16},"end":{"line":109,"column":17}},"52":{"start":{"line":106,"column":20},"end":{"line":106,"column":74}},"53":{"start":{"line":108,"column":20},"end":{"line":108,"column":74}},"54":{"start":{"line":113,"column":8},"end":{"line":113,"column":29}},"55":{"start":{"line":121,"column":8},"end":{"line":122,"column":89}},"56":{"start":{"line":122,"column":12},"end":{"line":122,"column":87}},"57":{"start":{"line":122,"column":46},"end":{"line":122,"column":85}},"58":{"start":{"line":130,"column":25},"end":{"line":130,"column":27}},"59":{"start":{"line":131,"column":8},"end":{"line":138,"column":11}},"60":{"start":{"line":132,"column":25},"end":{"line":132,"column":56}},"61":{"start":{"line":133,"column":12},"end":{"line":137,"column":13}},"62":{"start":{"line":134,"column":16},"end":{"line":136,"column":18}},"63":{"start":{"line":135,"column":20},"end":{"line":135,"column":81}},"64":{"start":{"line":135,"column":37},"end":{"line":135,"column":79}},"65":{"start":{"line":139,"column":8},"end":{"line":139,"column":24}},"66":{"start":{"line":149,"column":8},"end":{"line":159,"column":11}},"67":{"start":{"line":150,"column":12},"end":{"line":158,"column":15}},"68":{"start":{"line":151,"column":16},"end":{"line":157,"column":17}},"69":{"start":{"line":152,"column":30},"end":{"line":152,"column":51}},"70":{"start":{"line":153,"column":30},"end":{"line":153,"column":51}},"71":{"start":{"line":154,"column":20},"end":{"line":156,"column":21}},"72":{"start":{"line":155,"column":24},"end":{"line":155,"column":77}},"73":{"start":{"line":161,"column":8},"end":{"line":171,"column":11}},"74":{"start":{"line":162,"column":12},"end":{"line":170,"column":15}},"75":{"start":{"line":163,"column":16},"end":{"line":169,"column":17}},"76":{"start":{"line":164,"column":30},"end":{"line":164,"column":48}},"77":{"start":{"line":165,"column":30},"end":{"line":165,"column":48}},"78":{"start":{"line":166,"column":20},"end":{"line":168,"column":21}},"79":{"start":{"line":167,"column":24},"end":{"line":167,"column":74}},"80":{"start":{"line":173,"column":8},"end":{"line":173,"column":37}},"81":{"start":{"line":182,"column":8},"end":{"line":182,"column":73}},"82":{"start":{"line":182,"column":43},"end":{"line":182,"column":71}},"83":{"start":{"line":192,"column":23},"end":{"line":192,"column":53}},"84":{"start":{"line":193,"column":8},"end":{"line":196,"column":9}},"85":{"start":{"line":194,"column":12},"end":{"line":194,"column":34}},"86":{"start":{"line":195,"column":12},"end":{"line":195,"column":32}},"87":{"start":{"line":197,"column":8},"end":{"line":197,"column":34}},"88":{"start":{"line":198,"column":8},"end":{"line":198,"column":64}},"89":{"start":{"line":206,"column":8},"end":{"line":209,"column":11}},"90":{"start":{"line":217,"column":8},"end":{"line":217,"column":30}},"91":{"start":{"line":219,"column":8},"end":{"line":224,"column":11}},"92":{"start":{"line":220,"column":12},"end":{"line":220,"column":68}},"93":{"start":{"line":221,"column":31},"end":{"line":221,"column":56}},"94":{"start":{"line":222,"column":12},"end":{"line":222,"column":66}},"95":{"start":{"line":223,"column":12},"end":{"line":223,"column":49}},"96":{"start":{"line":233,"column":8},"end":{"line":235,"column":9}},"97":{"start":{"line":234,"column":12},"end":{"line":234,"column":49}},"98":{"start":{"line":236,"column":8},"end":{"line":238,"column":17}},"99":{"start":{"line":237,"column":12},"end":{"line":237,"column":52}},"100":{"start":{"line":247,"column":8},"end":{"line":249,"column":9}},"101":{"start":{"line":248,"column":12},"end":{"line":248,"column":79}},"102":{"start":{"line":248,"column":49},"end":{"line":248,"column":77}},"103":{"start":{"line":250,"column":21},"end":{"line":250,"column":52}},"104":{"start":{"line":251,"column":29},"end":{"line":251,"column":68}},"105":{"start":{"line":252,"column":26},"end":{"line":252,"column":86}},"106":{"start":{"line":254,"column":8},"end":{"line":272,"column":9}},"107":{"start":{"line":255,"column":12},"end":{"line":255,"column":61}},"108":{"start":{"line":256,"column":12},"end":{"line":256,"column":58}},"109":{"start":{"line":258,"column":12},"end":{"line":258,"column":46}},"110":{"start":{"line":259,"column":12},"end":{"line":259,"column":46}},"111":{"start":{"line":261,"column":29},"end":{"line":261,"column":54}},"112":{"start":{"line":262,"column":12},"end":{"line":271,"column":13}},"113":{"start":{"line":263,"column":16},"end":{"line":263,"column":53}},"114":{"start":{"line":264,"column":16},"end":{"line":264,"column":57}},"115":{"start":{"line":265,"column":16},"end":{"line":265,"column":71}},"116":{"start":{"line":266,"column":16},"end":{"line":266,"column":51}},"117":{"start":{"line":268,"column":16},"end":{"line":268,"column":66}},"118":{"start":{"line":269,"column":16},"end":{"line":269,"column":67}},"119":{"start":{"line":270,"column":16},"end":{"line":270,"column":62}},"120":{"start":{"line":284,"column":25},"end":{"line":284,"column":33}},"121":{"start":{"line":285,"column":24},"end":{"line":285,"column":35}},"122":{"start":{"line":286,"column":24},"end":{"line":286,"column":38}},"123":{"start":{"line":288,"column":8},"end":{"line":351,"column":9}},"124":{"start":{"line":289,"column":33},"end":{"line":289,"column":68}},"125":{"start":{"line":290,"column":12},"end":{"line":296,"column":13}},"126":{"start":{"line":290,"column":27},"end":{"line":290,"column":28}},"127":{"start":{"line":291,"column":16},"end":{"line":295,"column":17}},"128":{"start":{"line":291,"column":31},"end":{"line":291,"column":32}},"129":{"start":{"line":292,"column":20},"end":{"line":294,"column":21}},"130":{"start":{"line":293,"column":24},"end":{"line":293,"column":48}},"131":{"start":{"line":298,"column":12},"end":{"line":308,"column":13}},"132":{"start":{"line":298,"column":27},"end":{"line":298,"column":28}},"133":{"start":{"line":299,"column":16},"end":{"line":307,"column":17}},"134":{"start":{"line":300,"column":32},"end":{"line":300,"column":49}},"135":{"start":{"line":301,"column":34},"end":{"line":301,"column":41}},"136":{"start":{"line":302,"column":34},"end":{"line":302,"column":41}},"137":{"start":{"line":304,"column":20},"end":{"line":306,"column":21}},"138":{"start":{"line":305,"column":24},"end":{"line":305,"column":37}},"139":{"start":{"line":309,"column":15},"end":{"line":351,"column":9}},"140":{"start":{"line":310,"column":35},"end":{"line":310,"column":67}},"141":{"start":{"line":311,"column":12},"end":{"line":318,"column":13}},"142":{"start":{"line":311,"column":27},"end":{"line":311,"column":28}},"143":{"start":{"line":312,"column":16},"end":{"line":317,"column":17}},"144":{"start":{"line":312,"column":31},"end":{"line":312,"column":32}},"145":{"start":{"line":313,"column":20},"end":{"line":316,"column":21}},"146":{"start":{"line":314,"column":24},"end":{"line":314,"column":50}},"147":{"start":{"line":315,"column":24},"end":{"line":315,"column":30}},"148":{"start":{"line":320,"column":12},"end":{"line":329,"column":13}},"149":{"start":{"line":320,"column":27},"end":{"line":320,"column":28}},"150":{"start":{"line":321,"column":16},"end":{"line":328,"column":17}},"151":{"start":{"line":322,"column":32},"end":{"line":322,"column":51}},"152":{"start":{"line":323,"column":34},"end":{"line":323,"column":41}},"153":{"start":{"line":324,"column":34},"end":{"line":324,"column":41}},"154":{"start":{"line":325,"column":20},"end":{"line":327,"column":21}},"155":{"start":{"line":326,"column":24},"end":{"line":326,"column":37}},"156":{"start":{"line":330,"column":15},"end":{"line":351,"column":9}},"157":{"start":{"line":331,"column":36},"end":{"line":331,"column":68}},"158":{"start":{"line":332,"column":12},"end":{"line":339,"column":13}},"159":{"start":{"line":332,"column":27},"end":{"line":332,"column":28}},"160":{"start":{"line":333,"column":16},"end":{"line":338,"column":17}},"161":{"start":{"line":333,"column":31},"end":{"line":333,"column":52}},"162":{"start":{"line":334,"column":20},"end":{"line":337,"column":21}},"163":{"start":{"line":335,"column":24},"end":{"line":335,"column":51}},"164":{"start":{"line":336,"column":24},"end":{"line":336,"column":30}},"165":{"start":{"line":341,"column":12},"end":{"line":350,"column":13}},"166":{"start":{"line":341,"column":27},"end":{"line":341,"column":28}},"167":{"start":{"line":342,"column":16},"end":{"line":349,"column":17}},"168":{"start":{"line":343,"column":32},"end":{"line":343,"column":52}},"169":{"start":{"line":344,"column":34},"end":{"line":344,"column":41}},"170":{"start":{"line":345,"column":34},"end":{"line":345,"column":41}},"171":{"start":{"line":346,"column":20},"end":{"line":348,"column":21}},"172":{"start":{"line":347,"column":24},"end":{"line":347,"column":37}},"173":{"start":{"line":353,"column":8},"end":{"line":353,"column":20}},"174":{"start":{"line":362,"column":27},"end":{"line":362,"column":28}},"175":{"start":{"line":363,"column":21},"end":{"line":363,"column":22}},"176":{"start":{"line":364,"column":8},"end":{"line":370,"column":9}},"177":{"start":{"line":364,"column":23},"end":{"line":364,"column":24}},"178":{"start":{"line":365,"column":12},"end":{"line":369,"column":13}},"179":{"start":{"line":365,"column":40},"end":{"line":365,"column":51}},"180":{"start":{"line":366,"column":16},"end":{"line":366,"column":36}},"181":{"start":{"line":367,"column":16},"end":{"line":367,"column":97}},"182":{"start":{"line":368,"column":16},"end":{"line":368,"column":31}},"183":{"start":{"line":371,"column":29},"end":{"line":371,"column":32}},"184":{"start":{"line":372,"column":8},"end":{"line":372,"column":52}},"185":{"start":{"line":373,"column":8},"end":{"line":378,"column":9}},"186":{"start":{"line":374,"column":12},"end":{"line":374,"column":32}},"187":{"start":{"line":375,"column":12},"end":{"line":375,"column":71}},"188":{"start":{"line":376,"column":15},"end":{"line":378,"column":9}},"189":{"start":{"line":377,"column":12},"end":{"line":377,"column":84}},"190":{"start":{"line":387,"column":23},"end":{"line":387,"column":80}},"191":{"start":{"line":387,"column":51},"end":{"line":387,"column":79}},"192":{"start":{"line":388,"column":8},"end":{"line":388,"column":28}},"193":{"start":{"line":388,"column":21},"end":{"line":388,"column":28}},"194":{"start":{"line":390,"column":29},"end":{"line":390,"column":61}},"195":{"start":{"line":391,"column":28},"end":{"line":391,"column":88}},"196":{"start":{"line":393,"column":8},"end":{"line":397,"column":9}},"197":{"start":{"line":394,"column":12},"end":{"line":394,"column":81}},"198":{"start":{"line":395,"column":12},"end":{"line":395,"column":87}},"199":{"start":{"line":396,"column":12},"end":{"line":396,"column":51}},"200":{"start":{"line":402,"column":29},"end":{"line":402,"column":51}},"201":{"start":{"line":404,"column":8},"end":{"line":415,"column":9}},"202":{"start":{"line":404,"column":23},"end":{"line":404,"column":24}},"203":{"start":{"line":405,"column":35},"end":{"line":405,"column":40}},"204":{"start":{"line":407,"column":12},"end":{"line":414,"column":13}},"205":{"start":{"line":407,"column":27},"end":{"line":407,"column":28}},"206":{"start":{"line":408,"column":16},"end":{"line":410,"column":17}},"207":{"start":{"line":409,"column":20},"end":{"line":409,"column":44}},"208":{"start":{"line":411,"column":16},"end":{"line":413,"column":17}},"209":{"start":{"line":412,"column":20},"end":{"line":412,"column":77}},"210":{"start":{"line":416,"column":7},"end":{"line":416,"column":62}},"211":{"start":{"line":417,"column":7},"end":{"line":417,"column":79}},"212":{"start":{"line":421,"column":8},"end":{"line":421,"column":105}},"213":{"start":{"line":433,"column":23},"end":{"line":433,"column":80}},"214":{"start":{"line":433,"column":51},"end":{"line":433,"column":79}},"215":{"start":{"line":434,"column":8},"end":{"line":434,"column":28}},"216":{"start":{"line":434,"column":21},"end":{"line":434,"column":28}},"217":{"start":{"line":436,"column":29},"end":{"line":436,"column":61}},"218":{"start":{"line":437,"column":28},"end":{"line":437,"column":88}},"219":{"start":{"line":439,"column":8},"end":{"line":443,"column":9}},"220":{"start":{"line":440,"column":12},"end":{"line":440,"column":81}},"221":{"start":{"line":441,"column":12},"end":{"line":441,"column":87}},"222":{"start":{"line":442,"column":12},"end":{"line":442,"column":58}},"223":{"start":{"line":452,"column":23},"end":{"line":452,"column":80}},"224":{"start":{"line":452,"column":51},"end":{"line":452,"column":79}},"225":{"start":{"line":453,"column":8},"end":{"line":459,"column":9}},"226":{"start":{"line":454,"column":12},"end":{"line":454,"column":31}},"227":{"start":{"line":455,"column":12},"end":{"line":455,"column":49}},"228":{"start":{"line":456,"column":12},"end":{"line":458,"column":20}},"229":{"start":{"line":457,"column":16},"end":{"line":457,"column":56}},"230":{"start":{"line":468,"column":23},"end":{"line":468,"column":80}},"231":{"start":{"line":468,"column":51},"end":{"line":468,"column":79}},"232":{"start":{"line":469,"column":8},"end":{"line":475,"column":9}},"233":{"start":{"line":470,"column":12},"end":{"line":470,"column":31}},"234":{"start":{"line":471,"column":12},"end":{"line":471,"column":49}},"235":{"start":{"line":472,"column":12},"end":{"line":474,"column":21}},"236":{"start":{"line":473,"column":16},"end":{"line":473,"column":56}},"237":{"start":{"line":484,"column":21},"end":{"line":484,"column":45}},"238":{"start":{"line":485,"column":29},"end":{"line":485,"column":61}},"239":{"start":{"line":486,"column":26},"end":{"line":486,"column":54}},"240":{"start":{"line":487,"column":23},"end":{"line":487,"column":80}},"241":{"start":{"line":487,"column":51},"end":{"line":487,"column":79}},"242":{"start":{"line":488,"column":8},"end":{"line":488,"column":30}},"243":{"start":{"line":490,"column":8},"end":{"line":492,"column":9}},"244":{"start":{"line":491,"column":12},"end":{"line":491,"column":31}},"245":{"start":{"line":494,"column":8},"end":{"line":494,"column":57}},"246":{"start":{"line":495,"column":8},"end":{"line":495,"column":47}},"247":{"start":{"line":496,"column":8},"end":{"line":496,"column":42}},"248":{"start":{"line":497,"column":25},"end":{"line":497,"column":50}},"249":{"start":{"line":498,"column":8},"end":{"line":508,"column":9}},"250":{"start":{"line":499,"column":12},"end":{"line":499,"column":49}},"251":{"start":{"line":500,"column":12},"end":{"line":500,"column":53}},"252":{"start":{"line":501,"column":12},"end":{"line":501,"column":67}},"253":{"start":{"line":502,"column":12},"end":{"line":502,"column":47}},"254":{"start":{"line":504,"column":12},"end":{"line":504,"column":55}},"255":{"start":{"line":505,"column":12},"end":{"line":505,"column":63}},"256":{"start":{"line":506,"column":12},"end":{"line":506,"column":51}},"257":{"start":{"line":507,"column":12},"end":{"line":507,"column":35}},"258":{"start":{"line":516,"column":8},"end":{"line":516,"column":73}},"259":{"start":{"line":516,"column":48},"end":{"line":516,"column":71}},"260":{"start":{"line":517,"column":8},"end":{"line":517,"column":36}},"261":{"start":{"line":518,"column":8},"end":{"line":518,"column":44}},"262":{"start":{"line":519,"column":8},"end":{"line":521,"column":9}},"263":{"start":{"line":520,"column":12},"end":{"line":520,"column":41}},"264":{"start":{"line":530,"column":21},"end":{"line":530,"column":45}},"265":{"start":{"line":531,"column":8},"end":{"line":531,"column":54}},"266":{"start":{"line":540,"column":8},"end":{"line":542,"column":9}},"267":{"start":{"line":541,"column":12},"end":{"line":541,"column":38}},"268":{"start":{"line":543,"column":30},"end":{"line":543,"column":73}},"269":{"start":{"line":544,"column":8},"end":{"line":544,"column":55}},"270":{"start":{"line":552,"column":8},"end":{"line":560,"column":10}},"271":{"start":{"line":554,"column":49},"end":{"line":558,"column":13}},"272":{"start":{"line":570,"column":8},"end":{"line":575,"column":11}},"273":{"start":{"line":571,"column":12},"end":{"line":573,"column":15}},"274":{"start":{"line":574,"column":12},"end":{"line":574,"column":49}},"275":{"start":{"line":577,"column":8},"end":{"line":577,"column":43}},"276":{"start":{"line":578,"column":8},"end":{"line":578,"column":29}},"277":{"start":{"line":579,"column":8},"end":{"line":579,"column":43}},"278":{"start":{"line":580,"column":8},"end":{"line":580,"column":26}},"279":{"start":{"line":582,"column":8},"end":{"line":582,"column":20}},"280":{"start":{"line":586,"column":0},"end":{"line":586,"column":22}}},"fnMap":{"0":{"name":"(anonymous_0)","decl":{"start":{"line":8,"column":4},"end":{"line":8,"column":5}},"loc":{"start":{"line":8,"column":36},"end":{"line":19,"column":5}},"line":8},"1":{"name":"(anonymous_1)","decl":{"start":{"line":25,"column":4},"end":{"line":25,"column":5}},"loc":{"start":{"line":25,"column":33},"end":{"line":45,"column":5}},"line":25},"2":{"name":"(anonymous_2)","decl":{"start":{"line":53,"column":4},"end":{"line":53,"column":5}},"loc":{"start":{"line":53,"column":43},"end":{"line":90,"column":5}},"line":53},"3":{"name":"(anonymous_3)","decl":{"start":{"line":58,"column":35},"end":{"line":58,"column":36}},"loc":{"start":{"line":58,"column":48},"end":{"line":68,"column":9}},"line":58},"4":{"name":"(anonymous_4)","decl":{"start":{"line":59,"column":24},"end":{"line":59,"column":25}},"loc":{"start":{"line":59,"column":39},"end":{"line":67,"column":13}},"line":59},"5":{"name":"(anonymous_5)","decl":{"start":{"line":77,"column":35},"end":{"line":77,"column":36}},"loc":{"start":{"line":77,"column":48},"end":{"line":87,"column":9}},"line":77},"6":{"name":"(anonymous_6)","decl":{"start":{"line":78,"column":24},"end":{"line":78,"column":25}},"loc":{"start":{"line":78,"column":39},"end":{"line":86,"column":13}},"line":78},"7":{"name":"(anonymous_7)","decl":{"start":{"line":98,"column":4},"end":{"line":98,"column":5}},"loc":{"start":{"line":98,"column":36},"end":{"line":114,"column":5}},"line":98},"8":{"name":"(anonymous_8)","decl":{"start":{"line":101,"column":57},"end":{"line":101,"column":58}},"loc":{"start":{"line":101,"column":63},"end":{"line":101,"column":74}},"line":101},"9":{"name":"(anonymous_9)","decl":{"start":{"line":120,"column":4},"end":{"line":120,"column":5}},"loc":{"start":{"line":120,"column":22},"end":{"line":123,"column":5}},"line":120},"10":{"name":"(anonymous_10)","decl":{"start":{"line":121,"column":42},"end":{"line":121,"column":43}},"loc":{"start":{"line":122,"column":12},"end":{"line":122,"column":87}},"line":122},"11":{"name":"(anonymous_11)","decl":{"start":{"line":122,"column":39},"end":{"line":122,"column":40}},"loc":{"start":{"line":122,"column":46},"end":{"line":122,"column":85}},"line":122},"12":{"name":"(anonymous_12)","decl":{"start":{"line":129,"column":4},"end":{"line":129,"column":5}},"loc":{"start":{"line":129,"column":18},"end":{"line":140,"column":5}},"line":129},"13":{"name":"(anonymous_13)","decl":{"start":{"line":131,"column":29},"end":{"line":131,"column":30}},"loc":{"start":{"line":131,"column":39},"end":{"line":138,"column":9}},"line":131},"14":{"name":"(anonymous_14)","decl":{"start":{"line":134,"column":53},"end":{"line":134,"column":54}},"loc":{"start":{"line":135,"column":20},"end":{"line":135,"column":81}},"line":135},"15":{"name":"(anonymous_15)","decl":{"start":{"line":135,"column":28},"end":{"line":135,"column":29}},"loc":{"start":{"line":135,"column":37},"end":{"line":135,"column":79}},"line":135},"16":{"name":"(anonymous_16)","decl":{"start":{"line":148,"column":4},"end":{"line":148,"column":5}},"loc":{"start":{"line":148,"column":41},"end":{"line":174,"column":5}},"line":148},"17":{"name":"(anonymous_17)","decl":{"start":{"line":149,"column":28},"end":{"line":149,"column":29}},"loc":{"start":{"line":149,"column":41},"end":{"line":159,"column":9}},"line":149},"18":{"name":"(anonymous_18)","decl":{"start":{"line":150,"column":24},"end":{"line":150,"column":25}},"loc":{"start":{"line":150,"column":39},"end":{"line":158,"column":13}},"line":150},"19":{"name":"(anonymous_19)","decl":{"start":{"line":161,"column":28},"end":{"line":161,"column":29}},"loc":{"start":{"line":161,"column":41},"end":{"line":171,"column":9}},"line":161},"20":{"name":"(anonymous_20)","decl":{"start":{"line":162,"column":24},"end":{"line":162,"column":25}},"loc":{"start":{"line":162,"column":39},"end":{"line":170,"column":13}},"line":162},"21":{"name":"(anonymous_21)","decl":{"start":{"line":181,"column":4},"end":{"line":181,"column":5}},"loc":{"start":{"line":181,"column":25},"end":{"line":183,"column":5}},"line":181},"22":{"name":"(anonymous_22)","decl":{"start":{"line":182,"column":33},"end":{"line":182,"column":34}},"loc":{"start":{"line":182,"column":43},"end":{"line":182,"column":71}},"line":182},"23":{"name":"(anonymous_23)","decl":{"start":{"line":191,"column":4},"end":{"line":191,"column":5}},"loc":{"start":{"line":191,"column":51},"end":{"line":199,"column":5}},"line":191},"24":{"name":"(anonymous_24)","decl":{"start":{"line":205,"column":4},"end":{"line":205,"column":5}},"loc":{"start":{"line":205,"column":21},"end":{"line":210,"column":5}},"line":205},"25":{"name":"(anonymous_25)","decl":{"start":{"line":216,"column":4},"end":{"line":216,"column":5}},"loc":{"start":{"line":216,"column":18},"end":{"line":225,"column":5}},"line":216},"26":{"name":"(anonymous_26)","decl":{"start":{"line":219,"column":29},"end":{"line":219,"column":30}},"loc":{"start":{"line":219,"column":39},"end":{"line":224,"column":9}},"line":219},"27":{"name":"(anonymous_27)","decl":{"start":{"line":232,"column":4},"end":{"line":232,"column":5}},"loc":{"start":{"line":232,"column":36},"end":{"line":239,"column":5}},"line":232},"28":{"name":"(anonymous_28)","decl":{"start":{"line":236,"column":44},"end":{"line":236,"column":45}},"loc":{"start":{"line":236,"column":50},"end":{"line":238,"column":9}},"line":236},"29":{"name":"(anonymous_29)","decl":{"start":{"line":246,"column":4},"end":{"line":246,"column":5}},"loc":{"start":{"line":246,"column":39},"end":{"line":273,"column":5}},"line":246},"30":{"name":"(anonymous_30)","decl":{"start":{"line":248,"column":39},"end":{"line":248,"column":40}},"loc":{"start":{"line":248,"column":49},"end":{"line":248,"column":77}},"line":248},"31":{"name":"(anonymous_31)","decl":{"start":{"line":283,"column":4},"end":{"line":283,"column":5}},"loc":{"start":{"line":283,"column":64},"end":{"line":354,"column":5}},"line":283},"32":{"name":"(anonymous_32)","decl":{"start":{"line":361,"column":4},"end":{"line":361,"column":5}},"loc":{"start":{"line":361,"column":33},"end":{"line":379,"column":5}},"line":361},"33":{"name":"(anonymous_33)","decl":{"start":{"line":365,"column":32},"end":{"line":365,"column":33}},"loc":{"start":{"line":365,"column":40},"end":{"line":365,"column":51}},"line":365},"34":{"name":"(anonymous_34)","decl":{"start":{"line":386,"column":4},"end":{"line":386,"column":5}},"loc":{"start":{"line":386,"column":38},"end":{"line":398,"column":5}},"line":386},"35":{"name":"(anonymous_35)","decl":{"start":{"line":387,"column":41},"end":{"line":387,"column":42}},"loc":{"start":{"line":387,"column":51},"end":{"line":387,"column":79}},"line":387},"36":{"name":"(anonymous_36)","decl":{"start":{"line":400,"column":4},"end":{"line":400,"column":5}},"loc":{"start":{"line":400,"column":34},"end":{"line":422,"column":5}},"line":400},"37":{"name":"(anonymous_37)","decl":{"start":{"line":432,"column":4},"end":{"line":432,"column":5}},"loc":{"start":{"line":432,"column":39},"end":{"line":444,"column":5}},"line":432},"38":{"name":"(anonymous_38)","decl":{"start":{"line":433,"column":41},"end":{"line":433,"column":42}},"loc":{"start":{"line":433,"column":51},"end":{"line":433,"column":79}},"line":433},"39":{"name":"(anonymous_39)","decl":{"start":{"line":451,"column":4},"end":{"line":451,"column":5}},"loc":{"start":{"line":451,"column":23},"end":{"line":460,"column":5}},"line":451},"40":{"name":"(anonymous_40)","decl":{"start":{"line":452,"column":41},"end":{"line":452,"column":42}},"loc":{"start":{"line":452,"column":51},"end":{"line":452,"column":79}},"line":452},"41":{"name":"(anonymous_41)","decl":{"start":{"line":456,"column":48},"end":{"line":456,"column":49}},"loc":{"start":{"line":456,"column":54},"end":{"line":458,"column":13}},"line":456},"42":{"name":"(anonymous_42)","decl":{"start":{"line":467,"column":4},"end":{"line":467,"column":5}},"loc":{"start":{"line":467,"column":27},"end":{"line":476,"column":5}},"line":467},"43":{"name":"(anonymous_43)","decl":{"start":{"line":468,"column":41},"end":{"line":468,"column":42}},"loc":{"start":{"line":468,"column":51},"end":{"line":468,"column":79}},"line":468},"44":{"name":"(anonymous_44)","decl":{"start":{"line":472,"column":48},"end":{"line":472,"column":49}},"loc":{"start":{"line":472,"column":54},"end":{"line":474,"column":13}},"line":472},"45":{"name":"(anonymous_45)","decl":{"start":{"line":483,"column":4},"end":{"line":483,"column":5}},"loc":{"start":{"line":483,"column":28},"end":{"line":509,"column":5}},"line":483},"46":{"name":"(anonymous_46)","decl":{"start":{"line":487,"column":41},"end":{"line":487,"column":42}},"loc":{"start":{"line":487,"column":51},"end":{"line":487,"column":79}},"line":487},"47":{"name":"(anonymous_47)","decl":{"start":{"line":515,"column":4},"end":{"line":515,"column":5}},"loc":{"start":{"line":515,"column":27},"end":{"line":522,"column":5}},"line":515},"48":{"name":"(anonymous_48)","decl":{"start":{"line":516,"column":43},"end":{"line":516,"column":44}},"loc":{"start":{"line":516,"column":48},"end":{"line":516,"column":71}},"line":516},"49":{"name":"(anonymous_49)","decl":{"start":{"line":529,"column":4},"end":{"line":529,"column":5}},"loc":{"start":{"line":529,"column":38},"end":{"line":532,"column":5}},"line":529},"50":{"name":"(anonymous_50)","decl":{"start":{"line":539,"column":4},"end":{"line":539,"column":5}},"loc":{"start":{"line":539,"column":25},"end":{"line":545,"column":5}},"line":539},"51":{"name":"(anonymous_51)","decl":{"start":{"line":551,"column":4},"end":{"line":551,"column":5}},"loc":{"start":{"line":551,"column":18},"end":{"line":561,"column":5}},"line":551},"52":{"name":"(anonymous_52)","decl":{"start":{"line":554,"column":38},"end":{"line":554,"column":39}},"loc":{"start":{"line":554,"column":49},"end":{"line":558,"column":13}},"line":554},"53":{"name":"(anonymous_53)","decl":{"start":{"line":569,"column":4},"end":{"line":569,"column":5}},"loc":{"start":{"line":569,"column":35},"end":{"line":583,"column":5}},"line":569},"54":{"name":"(anonymous_54)","decl":{"start":{"line":570,"column":29},"end":{"line":570,"column":30}},"loc":{"start":{"line":570,"column":39},"end":{"line":575,"column":9}},"line":570}},"branchMap":{"0":{"loc":{"start":{"line":25,"column":19},"end":{"line":25,"column":31}},"type":"default-arg","locations":[{"start":{"line":25,"column":27},"end":{"line":25,"column":31}}],"line":25},"1":{"loc":{"start":{"line":38,"column":19},"end":{"line":38,"column":67}},"type":"binary-expr","locations":[{"start":{"line":38,"column":19},"end":{"line":38,"column":33}},{"start":{"line":38,"column":37},"end":{"line":38,"column":67}}],"line":38},"2":{"loc":{"start":{"line":53,"column":25},"end":{"line":53,"column":41}},"type":"default-arg","locations":[{"start":{"line":53,"column":37},"end":{"line":53,"column":41}}],"line":53},"3":{"loc":{"start":{"line":56,"column":8},"end":{"line":56,"column":34}},"type":"if","locations":[{"start":{"line":56,"column":8},"end":{"line":56,"column":34}},{"start":{},"end":{}}],"line":56},"4":{"loc":{"start":{"line":60,"column":16},"end":{"line":66,"column":17}},"type":"if","locations":[{"start":{"line":60,"column":16},"end":{"line":66,"column":17}},{"start":{},"end":{}}],"line":60},"5":{"loc":{"start":{"line":63,"column":20},"end":{"line":65,"column":21}},"type":"if","locations":[{"start":{"line":63,"column":20},"end":{"line":65,"column":21}},{"start":{},"end":{}}],"line":63},"6":{"loc":{"start":{"line":63,"column":24},"end":{"line":63,"column":74}},"type":"binary-expr","locations":[{"start":{"line":63,"column":24},"end":{"line":63,"column":30}},{"start":{"line":63,"column":34},"end":{"line":63,"column":47}},{"start":{"line":63,"column":51},"end":{"line":63,"column":57}},{"start":{"line":63,"column":61},"end":{"line":63,"column":74}}],"line":63},"7":{"loc":{"start":{"line":73,"column":8},"end":{"line":75,"column":9}},"type":"if","locations":[{"start":{"line":73,"column":8},"end":{"line":75,"column":9}},{"start":{},"end":{}}],"line":73},"8":{"loc":{"start":{"line":79,"column":16},"end":{"line":85,"column":17}},"type":"if","locations":[{"start":{"line":79,"column":16},"end":{"line":85,"column":17}},{"start":{},"end":{}}],"line":79},"9":{"loc":{"start":{"line":82,"column":20},"end":{"line":84,"column":21}},"type":"if","locations":[{"start":{"line":82,"column":20},"end":{"line":84,"column":21}},{"start":{},"end":{}}],"line":82},"10":{"loc":{"start":{"line":82,"column":24},"end":{"line":82,"column":74}},"type":"binary-expr","locations":[{"start":{"line":82,"column":24},"end":{"line":82,"column":30}},{"start":{"line":82,"column":34},"end":{"line":82,"column":47}},{"start":{"line":82,"column":51},"end":{"line":82,"column":57}},{"start":{"line":82,"column":61},"end":{"line":82,"column":74}}],"line":82},"11":{"loc":{"start":{"line":105,"column":16},"end":{"line":109,"column":17}},"type":"if","locations":[{"start":{"line":105,"column":16},"end":{"line":109,"column":17}},{"start":{"line":107,"column":23},"end":{"line":109,"column":17}}],"line":105},"12":{"loc":{"start":{"line":133,"column":12},"end":{"line":137,"column":13}},"type":"if","locations":[{"start":{"line":133,"column":12},"end":{"line":137,"column":13}},{"start":{},"end":{}}],"line":133},"13":{"loc":{"start":{"line":151,"column":16},"end":{"line":157,"column":17}},"type":"if","locations":[{"start":{"line":151,"column":16},"end":{"line":157,"column":17}},{"start":{},"end":{}}],"line":151},"14":{"loc":{"start":{"line":154,"column":20},"end":{"line":156,"column":21}},"type":"if","locations":[{"start":{"line":154,"column":20},"end":{"line":156,"column":21}},{"start":{},"end":{}}],"line":154},"15":{"loc":{"start":{"line":154,"column":24},"end":{"line":154,"column":74}},"type":"binary-expr","locations":[{"start":{"line":154,"column":24},"end":{"line":154,"column":30}},{"start":{"line":154,"column":34},"end":{"line":154,"column":47}},{"start":{"line":154,"column":51},"end":{"line":154,"column":57}},{"start":{"line":154,"column":61},"end":{"line":154,"column":74}}],"line":154},"16":{"loc":{"start":{"line":163,"column":16},"end":{"line":169,"column":17}},"type":"if","locations":[{"start":{"line":163,"column":16},"end":{"line":169,"column":17}},{"start":{},"end":{}}],"line":163},"17":{"loc":{"start":{"line":166,"column":20},"end":{"line":168,"column":21}},"type":"if","locations":[{"start":{"line":166,"column":20},"end":{"line":168,"column":21}},{"start":{},"end":{}}],"line":166},"18":{"loc":{"start":{"line":166,"column":24},"end":{"line":166,"column":74}},"type":"binary-expr","locations":[{"start":{"line":166,"column":24},"end":{"line":166,"column":30}},{"start":{"line":166,"column":34},"end":{"line":166,"column":47}},{"start":{"line":166,"column":51},"end":{"line":166,"column":57}},{"start":{"line":166,"column":61},"end":{"line":166,"column":74}}],"line":166},"19":{"loc":{"start":{"line":191,"column":34},"end":{"line":191,"column":49}},"type":"default-arg","locations":[{"start":{"line":191,"column":44},"end":{"line":191,"column":49}}],"line":191},"20":{"loc":{"start":{"line":193,"column":8},"end":{"line":196,"column":9}},"type":"if","locations":[{"start":{"line":193,"column":8},"end":{"line":196,"column":9}},{"start":{},"end":{}}],"line":193},"21":{"loc":{"start":{"line":193,"column":12},"end":{"line":193,"column":48}},"type":"binary-expr","locations":[{"start":{"line":193,"column":12},"end":{"line":193,"column":19}},{"start":{"line":193,"column":23},"end":{"line":193,"column":48}}],"line":193},"22":{"loc":{"start":{"line":233,"column":8},"end":{"line":235,"column":9}},"type":"if","locations":[{"start":{"line":233,"column":8},"end":{"line":235,"column":9}},{"start":{},"end":{}}],"line":233},"23":{"loc":{"start":{"line":247,"column":8},"end":{"line":249,"column":9}},"type":"if","locations":[{"start":{"line":247,"column":8},"end":{"line":249,"column":9}},{"start":{},"end":{}}],"line":247},"24":{"loc":{"start":{"line":254,"column":8},"end":{"line":272,"column":9}},"type":"if","locations":[{"start":{"line":254,"column":8},"end":{"line":272,"column":9}},{"start":{"line":257,"column":15},"end":{"line":272,"column":9}}],"line":254},"25":{"loc":{"start":{"line":262,"column":12},"end":{"line":271,"column":13}},"type":"if","locations":[{"start":{"line":262,"column":12},"end":{"line":271,"column":13}},{"start":{"line":267,"column":19},"end":{"line":271,"column":13}}],"line":262},"26":{"loc":{"start":{"line":283,"column":44},"end":{"line":283,"column":62}},"type":"default-arg","locations":[{"start":{"line":283,"column":56},"end":{"line":283,"column":62}}],"line":283},"27":{"loc":{"start":{"line":288,"column":8},"end":{"line":351,"column":9}},"type":"if","locations":[{"start":{"line":288,"column":8},"end":{"line":351,"column":9}},{"start":{"line":309,"column":15},"end":{"line":351,"column":9}}],"line":288},"28":{"loc":{"start":{"line":292,"column":20},"end":{"line":294,"column":21}},"type":"if","locations":[{"start":{"line":292,"column":20},"end":{"line":294,"column":21}},{"start":{},"end":{}}],"line":292},"29":{"loc":{"start":{"line":299,"column":16},"end":{"line":307,"column":17}},"type":"if","locations":[{"start":{"line":299,"column":16},"end":{"line":307,"column":17}},{"start":{},"end":{}}],"line":299},"30":{"loc":{"start":{"line":304,"column":20},"end":{"line":306,"column":21}},"type":"if","locations":[{"start":{"line":304,"column":20},"end":{"line":306,"column":21}},{"start":{},"end":{}}],"line":304},"31":{"loc":{"start":{"line":304,"column":24},"end":{"line":304,"column":158}},"type":"binary-expr","locations":[{"start":{"line":304,"column":24},"end":{"line":304,"column":40}},{"start":{"line":304,"column":44},"end":{"line":304,"column":60}},{"start":{"line":304,"column":64},"end":{"line":304,"column":73}},{"start":{"line":304,"column":77},"end":{"line":304,"column":86}},{"start":{"line":304,"column":91},"end":{"line":304,"column":106}},{"start":{"line":304,"column":110},"end":{"line":304,"column":128}},{"start":{"line":304,"column":132},"end":{"line":304,"column":157}}],"line":304},"32":{"loc":{"start":{"line":309,"column":15},"end":{"line":351,"column":9}},"type":"if","locations":[{"start":{"line":309,"column":15},"end":{"line":351,"column":9}},{"start":{"line":330,"column":15},"end":{"line":351,"column":9}}],"line":309},"33":{"loc":{"start":{"line":313,"column":20},"end":{"line":316,"column":21}},"type":"if","locations":[{"start":{"line":313,"column":20},"end":{"line":316,"column":21}},{"start":{},"end":{}}],"line":313},"34":{"loc":{"start":{"line":321,"column":16},"end":{"line":328,"column":17}},"type":"if","locations":[{"start":{"line":321,"column":16},"end":{"line":328,"column":17}},{"start":{},"end":{}}],"line":321},"35":{"loc":{"start":{"line":325,"column":20},"end":{"line":327,"column":21}},"type":"if","locations":[{"start":{"line":325,"column":20},"end":{"line":327,"column":21}},{"start":{},"end":{}}],"line":325},"36":{"loc":{"start":{"line":325,"column":24},"end":{"line":325,"column":158}},"type":"binary-expr","locations":[{"start":{"line":325,"column":24},"end":{"line":325,"column":33}},{"start":{"line":325,"column":37},"end":{"line":325,"column":53}},{"start":{"line":325,"column":57},"end":{"line":325,"column":66}},{"start":{"line":325,"column":70},"end":{"line":325,"column":86}},{"start":{"line":325,"column":91},"end":{"line":325,"column":106}},{"start":{"line":325,"column":110},"end":{"line":325,"column":128}},{"start":{"line":325,"column":132},"end":{"line":325,"column":157}}],"line":325},"37":{"loc":{"start":{"line":330,"column":15},"end":{"line":351,"column":9}},"type":"if","locations":[{"start":{"line":330,"column":15},"end":{"line":351,"column":9}},{"start":{},"end":{}}],"line":330},"38":{"loc":{"start":{"line":334,"column":20},"end":{"line":337,"column":21}},"type":"if","locations":[{"start":{"line":334,"column":20},"end":{"line":337,"column":21}},{"start":{},"end":{}}],"line":334},"39":{"loc":{"start":{"line":342,"column":16},"end":{"line":349,"column":17}},"type":"if","locations":[{"start":{"line":342,"column":16},"end":{"line":349,"column":17}},{"start":{},"end":{}}],"line":342},"40":{"loc":{"start":{"line":346,"column":20},"end":{"line":348,"column":21}},"type":"if","locations":[{"start":{"line":346,"column":20},"end":{"line":348,"column":21}},{"start":{},"end":{}}],"line":346},"41":{"loc":{"start":{"line":346,"column":24},"end":{"line":346,"column":145}},"type":"binary-expr","locations":[{"start":{"line":346,"column":24},"end":{"line":346,"column":40}},{"start":{"line":346,"column":44},"end":{"line":346,"column":53}},{"start":{"line":346,"column":57},"end":{"line":346,"column":73}},{"start":{"line":346,"column":78},"end":{"line":346,"column":93}},{"start":{"line":346,"column":97},"end":{"line":346,"column":115}},{"start":{"line":346,"column":119},"end":{"line":346,"column":144}}],"line":346},"42":{"loc":{"start":{"line":365,"column":12},"end":{"line":369,"column":13}},"type":"if","locations":[{"start":{"line":365,"column":12},"end":{"line":369,"column":13}},{"start":{},"end":{}}],"line":365},"43":{"loc":{"start":{"line":373,"column":8},"end":{"line":378,"column":9}},"type":"if","locations":[{"start":{"line":373,"column":8},"end":{"line":378,"column":9}},{"start":{"line":376,"column":15},"end":{"line":378,"column":9}}],"line":373},"44":{"loc":{"start":{"line":376,"column":15},"end":{"line":378,"column":9}},"type":"if","locations":[{"start":{"line":376,"column":15},"end":{"line":378,"column":9}},{"start":{},"end":{}}],"line":376},"45":{"loc":{"start":{"line":388,"column":8},"end":{"line":388,"column":28}},"type":"if","locations":[{"start":{"line":388,"column":8},"end":{"line":388,"column":28}},{"start":{},"end":{}}],"line":388},"46":{"loc":{"start":{"line":393,"column":8},"end":{"line":397,"column":9}},"type":"if","locations":[{"start":{"line":393,"column":8},"end":{"line":397,"column":9}},{"start":{},"end":{}}],"line":393},"47":{"loc":{"start":{"line":408,"column":16},"end":{"line":410,"column":17}},"type":"if","locations":[{"start":{"line":408,"column":16},"end":{"line":410,"column":17}},{"start":{},"end":{}}],"line":408},"48":{"loc":{"start":{"line":408,"column":20},"end":{"line":408,"column":62}},"type":"binary-expr","locations":[{"start":{"line":408,"column":20},"end":{"line":408,"column":37}},{"start":{"line":408,"column":41},"end":{"line":408,"column":62}}],"line":408},"49":{"loc":{"start":{"line":411,"column":16},"end":{"line":413,"column":17}},"type":"if","locations":[{"start":{"line":411,"column":16},"end":{"line":413,"column":17}},{"start":{},"end":{}}],"line":411},"50":{"loc":{"start":{"line":434,"column":8},"end":{"line":434,"column":28}},"type":"if","locations":[{"start":{"line":434,"column":8},"end":{"line":434,"column":28}},{"start":{},"end":{}}],"line":434},"51":{"loc":{"start":{"line":439,"column":8},"end":{"line":443,"column":9}},"type":"if","locations":[{"start":{"line":439,"column":8},"end":{"line":443,"column":9}},{"start":{},"end":{}}],"line":439},"52":{"loc":{"start":{"line":453,"column":8},"end":{"line":459,"column":9}},"type":"if","locations":[{"start":{"line":453,"column":8},"end":{"line":459,"column":9}},{"start":{},"end":{}}],"line":453},"53":{"loc":{"start":{"line":469,"column":8},"end":{"line":475,"column":9}},"type":"if","locations":[{"start":{"line":469,"column":8},"end":{"line":475,"column":9}},{"start":{},"end":{}}],"line":469},"54":{"loc":{"start":{"line":498,"column":8},"end":{"line":508,"column":9}},"type":"if","locations":[{"start":{"line":498,"column":8},"end":{"line":508,"column":9}},{"start":{"line":503,"column":15},"end":{"line":508,"column":9}}],"line":498},"55":{"loc":{"start":{"line":519,"column":8},"end":{"line":521,"column":9}},"type":"if","locations":[{"start":{"line":519,"column":8},"end":{"line":521,"column":9}},{"start":{},"end":{}}],"line":519},"56":{"loc":{"start":{"line":540,"column":8},"end":{"line":542,"column":9}},"type":"if","locations":[{"start":{"line":540,"column":8},"end":{"line":542,"column":9}},{"start":{},"end":{}}],"line":540}},"s":{"0":1,"1":1,"2":30,"3":30,"4":30,"5":30,"6":30,"7":30,"8":30,"9":30,"10":30,"11":30,"12":5,"13":5,"14":289,"15":289,"16":2003,"17":2003,"18":2003,"19":5,"20":0,"21":0,"22":0,"23":0,"24":0,"25":0,"26":0,"27":0,"28":0,"29":0,"30":0,"31":0,"32":0,"33":0,"34":0,"35":0,"36":0,"37":0,"38":0,"39":0,"40":0,"41":0,"42":0,"43":2,"44":2,"45":2,"46":4,"47":2,"48":2,"49":4,"50":4,"51":8,"52":4,"53":4,"54":2,"55":12,"56":240,"57":2400,"58":1,"59":1,"60":1,"61":1,"62":1,"63":20,"64":200,"65":1,"66":8,"67":16,"68":32,"69":28,"70":28,"71":28,"72":28,"73":8,"74":16,"75":32,"76":28,"77":28,"78":28,"79":28,"80":8,"81":1,"82":1,"83":1,"84":1,"85":1,"86":1,"87":1,"88":1,"89":1,"90":1,"91":1,"92":1,"93":1,"94":1,"95":1,"96":2,"97":0,"98":2,"99":0,"100":1,"101":0,"102":0,"103":1,"104":1,"105":1,"106":1,"107":1,"108":1,"109":0,"110":0,"111":0,"112":0,"113":0,"114":0,"115":0,"116":0,"117":0,"118":0,"119":0,"120":51,"121":51,"122":51,"123":51,"124":46,"125":46,"126":46,"127":92,"128":92,"129":184,"130":178,"131":46,"132":46,"133":87,"134":87,"135":87,"136":87,"137":87,"138":5,"139":5,"140":2,"141":2,"142":2,"143":4,"144":4,"145":5,"146":4,"147":4,"148":2,"149":2,"150":4,"151":4,"152":4,"153":4,"154":4,"155":0,"156":3,"157":3,"158":3,"159":3,"160":6,"161":6,"162":9,"163":6,"164":6,"165":3,"166":3,"167":5,"168":5,"169":5,"170":5,"171":5,"172":1,"173":45,"174":3,"175":3,"176":3,"177":3,"178":60,"179":77,"180":1,"181":1,"182":1,"183":3,"184":3,"185":3,"186":0,"187":0,"188":3,"189":1,"190":1,"191":1,"192":1,"193":0,"194":1,"195":1,"196":1,"197":1,"198":1,"199":1,"200":0,"201":0,"202":0,"203":0,"204":0,"205":0,"206":0,"207":0,"208":0,"209":0,"210":0,"211":0,"212":0,"213":1,"214":1,"215":1,"216":0,"217":1,"218":1,"219":1,"220":1,"221":1,"222":1,"223":1,"224":1,"225":1,"226":1,"227":1,"228":1,"229":0,"230":1,"231":1,"232":1,"233":1,"234":1,"235":1,"236":0,"237":2,"238":2,"239":2,"240":2,"241":2,"242":2,"243":2,"244":36,"245":2,"246":2,"247":2,"248":2,"249":2,"250":0,"251":0,"252":0,"253":0,"254":2,"255":2,"256":2,"257":2,"258":1,"259":1,"260":1,"261":1,"262":1,"263":1,"264":8,"265":8,"266":6,"267":0,"268":6,"269":6,"270":1,"271":1,"272":1,"273":1,"274":1,"275":1,"276":1,"277":1,"278":1,"279":1,"280":1},"f":{"0":30,"1":5,"2":0,"3":0,"4":0,"5":0,"6":0,"7":2,"8":4,"9":12,"10":240,"11":2400,"12":1,"13":1,"14":20,"15":200,"16":8,"17":16,"18":32,"19":16,"20":32,"21":1,"22":1,"23":1,"24":1,"25":1,"26":1,"27":2,"28":0,"29":1,"30":0,"31":51,"32":3,"33":77,"34":1,"35":1,"36":0,"37":1,"38":1,"39":1,"40":1,"41":0,"42":1,"43":1,"44":0,"45":2,"46":2,"47":1,"48":1,"49":8,"50":6,"51":1,"52":1,"53":1,"54":1},"b":{"0":[1],"1":[2292,2008],"2":[0],"3":[0,0],"4":[0,0],"5":[0,0],"6":[0,0,0,0],"7":[0,0],"8":[0,0],"9":[0,0],"10":[0,0,0,0],"11":[4,4],"12":[1,0],"13":[28,4],"14":[28,0],"15":[28,28,28,28],"16":[28,4],"17":[28,0],"18":[28,28,28,28],"19":[0],"20":[1,0],"21":[1,0],"22":[0,2],"23":[0,1],"24":[1,0],"25":[0,0],"26":[43],"27":[46,5],"28":[178,6],"29":[87,0],"30":[5,82],"31":[87,83,83,83,83,83,83],"32":[2,3],"33":[4,1],"34":[4,0],"35":[0,4],"36":[4,4,4,4,4,4,4],"37":[3,0],"38":[6,3],"39":[5,0],"40":[1,4],"41":[5,4,4,4,4,4],"42":[1,59],"43":[0,3],"44":[1,2],"45":[0,1],"46":[1,0],"47":[0,0],"48":[0,0],"49":[0,0],"50":[0,1],"51":[1,0],"52":[1,0],"53":[1,0],"54":[0,2],"55":[1,0],"56":[0,6]},"_coverageSchema":"1a1c01bbd47fc00a2c39e90264f33305004495a9","hash":"b556572261f9c6272de80fca108b07ca995146ea"}
,"/Users/celinejunker/red-tetris/back/Piece.js": {"path":"/Users/celinejunker/red-tetris/back/Piece.js","statementMap":{"0":{"start":{"line":3,"column":8},"end":{"line":3,"column":47}},"1":{"start":{"line":4,"column":8},"end":{"line":4,"column":27}},"2":{"start":{"line":5,"column":8},"end":{"line":5,"column":40}},"3":{"start":{"line":9,"column":8},"end":{"line":9,"column":76}},"4":{"start":{"line":14,"column":8},"end":{"line":16,"column":9}},"5":{"start":{"line":15,"column":12},"end":{"line":15,"column":67}},"6":{"start":{"line":17,"column":8},"end":{"line":17,"column":21}},"7":{"start":{"line":22,"column":8},"end":{"line":22,"column":71}},"8":{"start":{"line":27,"column":0},"end":{"line":27,"column":23}}},"fnMap":{"0":{"name":"(anonymous_0)","decl":{"start":{"line":2,"column":4},"end":{"line":2,"column":5}},"loc":{"start":{"line":2,"column":40},"end":{"line":6,"column":5}},"line":2},"1":{"name":"(anonymous_1)","decl":{"start":{"line":8,"column":4},"end":{"line":8,"column":5}},"loc":{"start":{"line":8,"column":40},"end":{"line":10,"column":5}},"line":8},"2":{"name":"(anonymous_2)","decl":{"start":{"line":13,"column":4},"end":{"line":13,"column":5}},"loc":{"start":{"line":13,"column":25},"end":{"line":18,"column":5}},"line":13},"3":{"name":"(anonymous_3)","decl":{"start":{"line":21,"column":4},"end":{"line":21,"column":5}},"loc":{"start":{"line":21,"column":12},"end":{"line":23,"column":5}},"line":21}},"branchMap":{"0":{"loc":{"start":{"line":14,"column":8},"end":{"line":16,"column":9}},"type":"if","locations":[{"start":{"line":14,"column":8},"end":{"line":16,"column":9}},{"start":{},"end":{}}],"line":14},"1":{"loc":{"start":{"line":14,"column":12},"end":{"line":14,"column":83}},"type":"binary-expr","locations":[{"start":{"line":14,"column":12},"end":{"line":14,"column":33}},{"start":{"line":14,"column":37},"end":{"line":14,"column":55}},{"start":{"line":14,"column":59},"end":{"line":14,"column":83}}],"line":14}},"s":{"0":11,"1":5,"2":5,"3":1,"4":11,"5":6,"6":5,"7":1,"8":1},"f":{"0":11,"1":1,"2":11,"3":1},"b":{"0":[6,5],"1":[11,6,5]},"_coverageSchema":"1a1c01bbd47fc00a2c39e90264f33305004495a9","hash":"1c77db5cbda427bd9476b317d3bb4fd455535daf"}
,"/Users/celinejunker/red-tetris/back/Pieces.js": {"path":"/Users/celinejunker/red-tetris/back/Pieces.js","statementMap":{"0":{"start":{"line":1,"column":14},"end":{"line":9,"column":1}},"1":{"start":{"line":16,"column":15},"end":{"line":20,"column":1}},"2":{"start":{"line":18,"column":23},"end":{"line":18,"column":91}},"3":{"start":{"line":18,"column":52},"end":{"line":18,"column":90}},"4":{"start":{"line":18,"column":69},"end":{"line":18,"column":79}},"5":{"start":{"line":19,"column":4},"end":{"line":19,"column":24}},"6":{"start":{"line":26,"column":23},"end":{"line":34,"column":1}},"7":{"start":{"line":27,"column":24},"end":{"line":27,"column":64}},"8":{"start":{"line":28,"column":21},"end":{"line":28,"column":39}},"9":{"start":{"line":29,"column":4},"end":{"line":33,"column":6}},"10":{"start":{"line":36,"column":0},"end":{"line":36,"column":51}}},"fnMap":{"0":{"name":"(anonymous_0)","decl":{"start":{"line":16,"column":15},"end":{"line":16,"column":16}},"loc":{"start":{"line":16,"column":26},"end":{"line":20,"column":1}},"line":16},"1":{"name":"(anonymous_1)","decl":{"start":{"line":18,"column":36},"end":{"line":18,"column":37}},"loc":{"start":{"line":18,"column":52},"end":{"line":18,"column":90}},"line":18},"2":{"name":"(anonymous_2)","decl":{"start":{"line":18,"column":62},"end":{"line":18,"column":63}},"loc":{"start":{"line":18,"column":69},"end":{"line":18,"column":79}},"line":18},"3":{"name":"(anonymous_3)","decl":{"start":{"line":26,"column":23},"end":{"line":26,"column":24}},"loc":{"start":{"line":26,"column":29},"end":{"line":34,"column":1}},"line":26}},"branchMap":{},"s":{"0":1,"1":1,"2":1,"3":2,"4":6,"5":1,"6":1,"7":2,"8":2,"9":2,"10":1},"f":{"0":1,"1":2,"2":6,"3":2},"b":{},"_coverageSchema":"1a1c01bbd47fc00a2c39e90264f33305004495a9","hash":"af4a4f18a499fde0014bd03fccbec4c753396f3e"}
,"/Users/celinejunker/red-tetris/back/Player.js": {"path":"/Users/celinejunker/red-tetris/back/Player.js","statementMap":{"0":{"start":{"line":3,"column":8},"end":{"line":3,"column":33}},"1":{"start":{"line":4,"column":8},"end":{"line":4,"column":33}},"2":{"start":{"line":5,"column":8},"end":{"line":5,"column":29}},"3":{"start":{"line":6,"column":8},"end":{"line":6,"column":35}},"4":{"start":{"line":7,"column":8},"end":{"line":7,"column":33}},"5":{"start":{"line":8,"column":8},"end":{"line":8,"column":23}},"6":{"start":{"line":9,"column":8},"end":{"line":9,"column":29}},"7":{"start":{"line":10,"column":8},"end":{"line":10,"column":26}},"8":{"start":{"line":11,"column":8},"end":{"line":11,"column":35}},"9":{"start":{"line":14,"column":0},"end":{"line":14,"column":24}}},"fnMap":{"0":{"name":"(anonymous_0)","decl":{"start":{"line":2,"column":4},"end":{"line":2,"column":5}},"loc":{"start":{"line":2,"column":36},"end":{"line":12,"column":5}},"line":2}},"branchMap":{},"s":{"0":1,"1":1,"2":1,"3":1,"4":1,"5":1,"6":1,"7":1,"8":1,"9":1},"f":{"0":1},"b":{},"_coverageSchema":"1a1c01bbd47fc00a2c39e90264f33305004495a9","hash":"3d12615e7a7f9203f140433d3ec91308603a4703"}
}
