TN:
SF:Game.js
FN:8,(anonymous_0)
FN:25,(anonymous_1)
FN:53,(anonymous_2)
FN:58,(anonymous_3)
FN:59,(anonymous_4)
FN:77,(anonymous_5)
FN:78,(anonymous_6)
FN:98,(anonymous_7)
FN:101,(anonymous_8)
FN:120,(anonymous_9)
FN:121,(anonymous_10)
FN:122,(anonymous_11)
FN:129,(anonymous_12)
FN:131,(anonymous_13)
FN:134,(anonymous_14)
FN:135,(anonymous_15)
FN:148,(anonymous_16)
FN:149,(anonymous_17)
FN:150,(anonymous_18)
FN:161,(anonymous_19)
FN:162,(anonymous_20)
FN:181,(anonymous_21)
FN:182,(anonymous_22)
FN:191,(anonymous_23)
FN:205,(anonymous_24)
FN:216,(anonymous_25)
FN:219,(anonymous_26)
FN:232,(anonymous_27)
FN:236,(anonymous_28)
FN:246,(anonymous_29)
FN:248,(anonymous_30)
FN:283,(anonymous_31)
FN:361,(anonymous_32)
FN:365,(anonymous_33)
FN:386,(anonymous_34)
FN:387,(anonymous_35)
FN:400,(anonymous_36)
FN:432,(anonymous_37)
FN:433,(anonymous_38)
FN:451,(anonymous_39)
FN:452,(anonymous_40)
FN:456,(anonymous_41)
FN:467,(anonymous_42)
FN:468,(anonymous_43)
FN:472,(anonymous_44)
FN:483,(anonymous_45)
FN:487,(anonymous_46)
FN:515,(anonymous_47)
FN:516,(anonymous_48)
FN:529,(anonymous_49)
FN:539,(anonymous_50)
FN:551,(anonymous_51)
FN:554,(anonymous_52)
FN:569,(anonymous_53)
FN:570,(anonymous_54)
FNF:55
FNH:45
FNDA:30,(anonymous_0)
FNDA:5,(anonymous_1)
FNDA:0,(anonymous_2)
FNDA:0,(anonymous_3)
FNDA:0,(anonymous_4)
FNDA:0,(anonymous_5)
FNDA:0,(anonymous_6)
FNDA:2,(anonymous_7)
FNDA:4,(anonymous_8)
FNDA:12,(anonymous_9)
FNDA:240,(anonymous_10)
FNDA:2400,(anonymous_11)
FNDA:1,(anonymous_12)
FNDA:1,(anonymous_13)
FNDA:20,(anonymous_14)
FNDA:200,(anonymous_15)
FNDA:8,(anonymous_16)
FNDA:16,(anonymous_17)
FNDA:32,(anonymous_18)
FNDA:16,(anonymous_19)
FNDA:32,(anonymous_20)
FNDA:1,(anonymous_21)
FNDA:1,(anonymous_22)
FNDA:1,(anonymous_23)
FNDA:1,(anonymous_24)
FNDA:1,(anonymous_25)
FNDA:1,(anonymous_26)
FNDA:2,(anonymous_27)
FNDA:0,(anonymous_28)
FNDA:1,(anonymous_29)
FNDA:0,(anonymous_30)
FNDA:51,(anonymous_31)
FNDA:3,(anonymous_32)
FNDA:77,(anonymous_33)
FNDA:1,(anonymous_34)
FNDA:1,(anonymous_35)
FNDA:0,(anonymous_36)
FNDA:1,(anonymous_37)
FNDA:1,(anonymous_38)
FNDA:1,(anonymous_39)
FNDA:1,(anonymous_40)
FNDA:0,(anonymous_41)
FNDA:1,(anonymous_42)
FNDA:1,(anonymous_43)
FNDA:0,(anonymous_44)
FNDA:2,(anonymous_45)
FNDA:2,(anonymous_46)
FNDA:1,(anonymous_47)
FNDA:1,(anonymous_48)
FNDA:8,(anonymous_49)
FNDA:6,(anonymous_50)
FNDA:1,(anonymous_51)
FNDA:1,(anonymous_52)
FNDA:1,(anonymous_53)
FNDA:1,(anonymous_54)
DA:1,1
DA:2,1
DA:9,30
DA:10,30
DA:11,30
DA:12,30
DA:13,30
DA:14,30
DA:15,30
DA:16,30
DA:17,30
DA:18,30
DA:26,5
DA:36,5
DA:37,289
DA:38,289
DA:39,2003
DA:40,2003
DA:41,2003
DA:44,5
DA:54,0
DA:55,0
DA:56,0
DA:58,0
DA:59,0
DA:60,0
DA:61,0
DA:62,0
DA:63,0
DA:64,0
DA:70,0
DA:71,0
DA:73,0
DA:74,0
DA:77,0
DA:78,0
DA:79,0
DA:80,0
DA:81,0
DA:82,0
DA:83,0
DA:89,0
DA:99,2
DA:100,2
DA:101,4
DA:103,2
DA:104,4
DA:105,8
DA:106,4
DA:108,4
DA:113,2
DA:121,12
DA:122,2400
DA:130,1
DA:131,1
DA:132,1
DA:133,1
DA:134,1
DA:135,200
DA:139,1
DA:149,8
DA:150,16
DA:151,32
DA:152,28
DA:153,28
DA:154,28
DA:155,28
DA:161,8
DA:162,16
DA:163,32
DA:164,28
DA:165,28
DA:166,28
DA:167,28
DA:173,8
DA:182,1
DA:192,1
DA:193,1
DA:194,1
DA:195,1
DA:197,1
DA:198,1
DA:206,1
DA:217,1
DA:219,1
DA:220,1
DA:221,1
DA:222,1
DA:223,1
DA:233,2
DA:234,0
DA:236,2
DA:237,0
DA:247,1
DA:248,0
DA:250,1
DA:251,1
DA:252,1
DA:254,1
DA:255,1
DA:256,1
DA:258,0
DA:259,0
DA:261,0
DA:262,0
DA:263,0
DA:264,0
DA:265,0
DA:266,0
DA:268,0
DA:269,0
DA:270,0
DA:284,51
DA:285,51
DA:286,51
DA:288,51
DA:289,46
DA:290,46
DA:291,92
DA:292,184
DA:293,178
DA:298,46
DA:299,87
DA:300,87
DA:301,87
DA:302,87
DA:304,87
DA:305,5
DA:309,5
DA:310,2
DA:311,2
DA:312,4
DA:313,5
DA:314,4
DA:315,4
DA:320,2
DA:321,4
DA:322,4
DA:323,4
DA:324,4
DA:325,4
DA:326,0
DA:330,3
DA:331,3
DA:332,3
DA:333,6
DA:334,9
DA:335,6
DA:336,6
DA:341,3
DA:342,5
DA:343,5
DA:344,5
DA:345,5
DA:346,5
DA:347,1
DA:353,45
DA:362,3
DA:363,3
DA:364,3
DA:365,77
DA:366,1
DA:367,1
DA:368,1
DA:371,3
DA:372,3
DA:373,3
DA:374,0
DA:375,0
DA:376,3
DA:377,1
DA:387,1
DA:388,1
DA:390,1
DA:391,1
DA:393,1
DA:394,1
DA:395,1
DA:396,1
DA:402,0
DA:404,0
DA:405,0
DA:407,0
DA:408,0
DA:409,0
DA:411,0
DA:412,0
DA:416,0
DA:417,0
DA:421,0
DA:433,1
DA:434,1
DA:436,1
DA:437,1
DA:439,1
DA:440,1
DA:441,1
DA:442,1
DA:452,1
DA:453,1
DA:454,1
DA:455,1
DA:456,1
DA:457,0
DA:468,1
DA:469,1
DA:470,1
DA:471,1
DA:472,1
DA:473,0
DA:484,2
DA:485,2
DA:486,2
DA:487,2
DA:488,2
DA:490,2
DA:491,36
DA:494,2
DA:495,2
DA:496,2
DA:497,2
DA:498,2
DA:499,0
DA:500,0
DA:501,0
DA:502,0
DA:504,2
DA:505,2
DA:506,2
DA:507,2
DA:516,1
DA:517,1
DA:518,1
DA:519,1
DA:520,1
DA:530,8
DA:531,8
DA:540,6
DA:541,0
DA:543,6
DA:544,6
DA:552,1
DA:554,1
DA:570,1
DA:571,1
DA:574,1
DA:577,1
DA:578,1
DA:579,1
DA:580,1
DA:582,1
DA:586,1
LF:252
LH:195
BRDA:25,0,0,1
BRDA:38,1,0,2292
BRDA:38,1,1,2008
BRDA:53,2,0,0
BRDA:56,3,0,0
BRDA:56,3,1,0
BRDA:60,4,0,0
BRDA:60,4,1,0
BRDA:63,5,0,0
BRDA:63,5,1,0
BRDA:63,6,0,0
BRDA:63,6,1,0
BRDA:63,6,2,0
BRDA:63,6,3,0
BRDA:73,7,0,0
BRDA:73,7,1,0
BRDA:79,8,0,0
BRDA:79,8,1,0
BRDA:82,9,0,0
BRDA:82,9,1,0
BRDA:82,10,0,0
BRDA:82,10,1,0
BRDA:82,10,2,0
BRDA:82,10,3,0
BRDA:105,11,0,4
BRDA:105,11,1,4
BRDA:133,12,0,1
BRDA:133,12,1,0
BRDA:151,13,0,28
BRDA:151,13,1,4
BRDA:154,14,0,28
BRDA:154,14,1,0
BRDA:154,15,0,28
BRDA:154,15,1,28
BRDA:154,15,2,28
BRDA:154,15,3,28
BRDA:163,16,0,28
BRDA:163,16,1,4
BRDA:166,17,0,28
BRDA:166,17,1,0
BRDA:166,18,0,28
BRDA:166,18,1,28
BRDA:166,18,2,28
BRDA:166,18,3,28
BRDA:191,19,0,0
BRDA:193,20,0,1
BRDA:193,20,1,0
BRDA:193,21,0,1
BRDA:193,21,1,0
BRDA:233,22,0,0
BRDA:233,22,1,2
BRDA:247,23,0,0
BRDA:247,23,1,1
BRDA:254,24,0,1
BRDA:254,24,1,0
BRDA:262,25,0,0
BRDA:262,25,1,0
BRDA:283,26,0,43
BRDA:288,27,0,46
BRDA:288,27,1,5
BRDA:292,28,0,178
BRDA:292,28,1,6
BRDA:299,29,0,87
BRDA:299,29,1,0
BRDA:304,30,0,5
BRDA:304,30,1,82
BRDA:304,31,0,87
BRDA:304,31,1,83
BRDA:304,31,2,83
BRDA:304,31,3,83
BRDA:304,31,4,83
BRDA:304,31,5,83
BRDA:304,31,6,83
BRDA:309,32,0,2
BRDA:309,32,1,3
BRDA:313,33,0,4
BRDA:313,33,1,1
BRDA:321,34,0,4
BRDA:321,34,1,0
BRDA:325,35,0,0
BRDA:325,35,1,4
BRDA:325,36,0,4
BRDA:325,36,1,4
BRDA:325,36,2,4
BRDA:325,36,3,4
BRDA:325,36,4,4
BRDA:325,36,5,4
BRDA:325,36,6,4
BRDA:330,37,0,3
BRDA:330,37,1,0
BRDA:334,38,0,6
BRDA:334,38,1,3
BRDA:342,39,0,5
BRDA:342,39,1,0
BRDA:346,40,0,1
BRDA:346,40,1,4
BRDA:346,41,0,5
BRDA:346,41,1,4
BRDA:346,41,2,4
BRDA:346,41,3,4
BRDA:346,41,4,4
BRDA:346,41,5,4
BRDA:365,42,0,1
BRDA:365,42,1,59
BRDA:373,43,0,0
BRDA:373,43,1,3
BRDA:376,44,0,1
BRDA:376,44,1,2
BRDA:388,45,0,0
BRDA:388,45,1,1
BRDA:393,46,0,1
BRDA:393,46,1,0
BRDA:408,47,0,0
BRDA:408,47,1,0
BRDA:408,48,0,0
BRDA:408,48,1,0
BRDA:411,49,0,0
BRDA:411,49,1,0
BRDA:434,50,0,0
BRDA:434,50,1,1
BRDA:439,51,0,1
BRDA:439,51,1,0
BRDA:453,52,0,1
BRDA:453,52,1,0
BRDA:469,53,0,1
BRDA:469,53,1,0
BRDA:498,54,0,0
BRDA:498,54,1,2
BRDA:519,55,0,1
BRDA:519,55,1,0
BRDA:540,56,0,0
BRDA:540,56,1,6
BRF:132
BRH:79
end_of_record
TN:
SF:Piece.js
FN:2,(anonymous_0)
FN:8,(anonymous_1)
FN:13,(anonymous_2)
FN:21,(anonymous_3)
FNF:4
FNH:4
FNDA:11,(anonymous_0)
FNDA:1,(anonymous_1)
FNDA:11,(anonymous_2)
FNDA:1,(anonymous_3)
DA:3,11
DA:4,5
DA:5,5
DA:9,1
DA:14,11
DA:15,6
DA:17,5
DA:22,1
DA:27,1
LF:9
LH:9
BRDA:14,0,0,6
BRDA:14,0,1,5
BRDA:14,1,0,11
BRDA:14,1,1,6
BRDA:14,1,2,5
BRF:5
BRH:5
end_of_record
TN:
SF:Pieces.js
FN:16,(anonymous_0)
FN:18,(anonymous_1)
FN:18,(anonymous_2)
FN:26,(anonymous_3)
FNF:4
FNH:4
FNDA:1,(anonymous_0)
FNDA:2,(anonymous_1)
FNDA:6,(anonymous_2)
FNDA:2,(anonymous_3)
DA:1,1
DA:16,1
DA:18,6
DA:19,1
DA:26,1
DA:27,2
DA:28,2
DA:29,2
DA:36,1
LF:9
LH:9
BRF:0
BRH:0
end_of_record
TN:
SF:Player.js
FN:2,(anonymous_0)
FNF:1
FNH:1
FNDA:1,(anonymous_0)
DA:3,1
DA:4,1
DA:5,1
DA:6,1
DA:7,1
DA:8,1
DA:9,1
DA:10,1
DA:11,1
DA:14,1
LF:10
LH:10
BRF:0
BRH:0
end_of_record
